<?xml version="1.0" encoding="UTF-8"?>
<!-- Generated by org.testng.reporters.JUnitReportReporter -->
<testsuite hostname="Qxchangetest" failures="0" tests="1" name="QCommission.End2End.FIle1" time="22.015" errors="0" timestamp="2023-04-24T00:21:50 IST" skipped="0">
  <testcase classname="QCommission.End2End.FIle1" name="TestCase1" time="22.015"/>
  <system-out/>
</testsuite> <!-- QCommission.End2End.FIle1 -->
